Apache Maven 3.9.9 (8e8579a9e76f7d015ee5ec7bfcdc97d260186937)
Maven home: /home/starc/.m2/wrapper/dists/apache-maven-3.9.9/3477a4f1
Java version: 17.0.15, vendor: Debian, runtime: /usr/lib/jvm/java-17-openjdk-amd64
Default locale: en_US, platform encoding: UTF-8
OS name: "linux", version: "6.1.0-34-amd64", arch: "amd64", family: "unix"
[DEBUG] Created new class realm maven.api
[DEBUG] Importing foreign packages into class realm maven.api
[DEBUG]   Imported: javax.annotation.* < plexus.core
[DEBUG]   Imported: javax.annotation.security.* < plexus.core
[DEBUG]   Imported: javax.inject.* < plexus.core
[DEBUG]   Imported: org.apache.maven.* < plexus.core
[DEBUG]   Imported: org.apache.maven.artifact < plexus.core
[DEBUG]   Imported: org.apache.maven.classrealm < plexus.core
[DEBUG]   Imported: org.apache.maven.cli < plexus.core
[DEBUG]   Imported: org.apache.maven.configuration < plexus.core
[DEBUG]   Imported: org.apache.maven.exception < plexus.core
[DEBUG]   Imported: org.apache.maven.execution < plexus.core
[DEBUG]   Imported: org.apache.maven.execution.scope < plexus.core
[DEBUG]   Imported: org.apache.maven.graph < plexus.core
[DEBUG]   Imported: org.apache.maven.lifecycle < plexus.core
[DEBUG]   Imported: org.apache.maven.model < plexus.core
[DEBUG]   Imported: org.apache.maven.monitor < plexus.core
[DEBUG]   Imported: org.apache.maven.plugin < plexus.core
[DEBUG]   Imported: org.apache.maven.profiles < plexus.core
[DEBUG]   Imported: org.apache.maven.project < plexus.core
[DEBUG]   Imported: org.apache.maven.reporting < plexus.core
[DEBUG]   Imported: org.apache.maven.repository < plexus.core
[DEBUG]   Imported: org.apache.maven.rtinfo < plexus.core
[DEBUG]   Imported: org.apache.maven.settings < plexus.core
[DEBUG]   Imported: org.apache.maven.toolchain < plexus.core
[DEBUG]   Imported: org.apache.maven.usability < plexus.core
[DEBUG]   Imported: org.apache.maven.wagon.* < plexus.core
[DEBUG]   Imported: org.apache.maven.wagon.authentication < plexus.core
[DEBUG]   Imported: org.apache.maven.wagon.authorization < plexus.core
[DEBUG]   Imported: org.apache.maven.wagon.events < plexus.core
[DEBUG]   Imported: org.apache.maven.wagon.observers < plexus.core
[DEBUG]   Imported: org.apache.maven.wagon.proxy < plexus.core
[DEBUG]   Imported: org.apache.maven.wagon.repository < plexus.core
[DEBUG]   Imported: org.apache.maven.wagon.resource < plexus.core
[DEBUG]   Imported: org.codehaus.classworlds < plexus.core
[DEBUG]   Imported: org.codehaus.plexus.* < plexus.core
[DEBUG]   Imported: org.codehaus.plexus.classworlds < plexus.core
[DEBUG]   Imported: org.codehaus.plexus.component < plexus.core
[DEBUG]   Imported: org.codehaus.plexus.configuration < plexus.core
[DEBUG]   Imported: org.codehaus.plexus.container < plexus.core
[DEBUG]   Imported: org.codehaus.plexus.context < plexus.core
[DEBUG]   Imported: org.codehaus.plexus.lifecycle < plexus.core
[DEBUG]   Imported: org.codehaus.plexus.logging < plexus.core
[DEBUG]   Imported: org.codehaus.plexus.personality < plexus.core
[DEBUG]   Imported: org.codehaus.plexus.util.xml.Xpp3Dom < plexus.core
[DEBUG]   Imported: org.codehaus.plexus.util.xml.pull.XmlPullParser < plexus.core
[DEBUG]   Imported: org.codehaus.plexus.util.xml.pull.XmlPullParserException < plexus.core
[DEBUG]   Imported: org.codehaus.plexus.util.xml.pull.XmlSerializer < plexus.core
[DEBUG]   Imported: org.eclipse.aether.* < plexus.core
[DEBUG]   Imported: org.eclipse.aether.artifact < plexus.core
[DEBUG]   Imported: org.eclipse.aether.collection < plexus.core
[DEBUG]   Imported: org.eclipse.aether.deployment < plexus.core
[DEBUG]   Imported: org.eclipse.aether.graph < plexus.core
[DEBUG]   Imported: org.eclipse.aether.impl < plexus.core
[DEBUG]   Imported: org.eclipse.aether.installation < plexus.core
[DEBUG]   Imported: org.eclipse.aether.internal.impl < plexus.core
[DEBUG]   Imported: org.eclipse.aether.metadata < plexus.core
[DEBUG]   Imported: org.eclipse.aether.repository < plexus.core
[DEBUG]   Imported: org.eclipse.aether.resolution < plexus.core
[DEBUG]   Imported: org.eclipse.aether.spi < plexus.core
[DEBUG]   Imported: org.eclipse.aether.transfer < plexus.core
[DEBUG]   Imported: org.eclipse.aether.util < plexus.core
[DEBUG]   Imported: org.eclipse.aether.version < plexus.core
[DEBUG]   Imported: org.fusesource.jansi.* < plexus.core
[DEBUG]   Imported: org.slf4j.* < plexus.core
[DEBUG]   Imported: org.slf4j.event.* < plexus.core
[DEBUG]   Imported: org.slf4j.helpers.* < plexus.core
[DEBUG]   Imported: org.slf4j.spi.* < plexus.core
[DEBUG] Populating class realm maven.api
[DEBUG] Created adapter factory; available factories [file-lock, rwlock-local, semaphore-local, noop]; available name mappers [discriminating, file-gav, file-hgav, file-static, gav, static]
[INFO] Error stacktraces are turned on.
[DEBUG] Message scheme: color
[DEBUG] Message styles: debug info warning error success failure strong mojo project
[DEBUG] Reading global settings from /home/starc/.m2/wrapper/dists/apache-maven-3.9.9/3477a4f1/conf/settings.xml
[DEBUG] Reading user settings from /home/starc/.m2/settings.xml
[DEBUG] Reading global toolchains from /home/starc/.m2/wrapper/dists/apache-maven-3.9.9/3477a4f1/conf/toolchains.xml
[DEBUG] Reading user toolchains from /home/starc/.m2/toolchains.xml
[DEBUG] Using local repository at /home/starc/.m2/repository
[DEBUG] Using manager EnhancedLocalRepositoryManager with priority 10.0 for /home/starc/.m2/repository
[INFO] Scanning for projects...
[DEBUG] Creating adapter using nameMapper 'gav' and factory 'rwlock-local'
[DEBUG] Extension realms for project com.github:Finance:jar:0.0.1-SNAPSHOT: (none)
[DEBUG] Looking up lifecycle mappings for packaging jar from ClassRealm[plexus.core, parent: null]
[DEBUG] Extension realms for project org.springframework.boot:spring-boot-starter-parent:pom:3.4.5: (none)
[DEBUG] Looking up lifecycle mappings for packaging pom from ClassRealm[plexus.core, parent: null]
[DEBUG] Extension realms for project org.springframework.boot:spring-boot-dependencies:pom:3.4.5: (none)
[DEBUG] Looking up lifecycle mappings for packaging pom from ClassRealm[plexus.core, parent: null]
[DEBUG] Resolving plugin prefix flyway from [org.apache.maven.plugins, org.codehaus.mojo]
[DEBUG] Resolved plugin prefix flyway to org.flywaydb:flyway-maven-plugin from POM com.github:Finance:jar:0.0.1-SNAPSHOT
[DEBUG] === REACTOR BUILD PLAN ================================================
[DEBUG] Project: com.github:Finance:jar:0.0.1-SNAPSHOT
[DEBUG] Tasks:   [flyway:clean]
[DEBUG] Style:   Regular
[DEBUG] =======================================================================
[INFO] 
[INFO] -------------------------< com.github:Finance >-------------------------
[INFO] Building My Finance App 0.0.1-SNAPSHOT
[INFO]   from pom.xml
[INFO] --------------------------------[ jar ]---------------------------------
[DEBUG] Resolving plugin prefix flyway from [org.apache.maven.plugins, org.codehaus.mojo]
[DEBUG] Resolved plugin prefix flyway to org.flywaydb:flyway-maven-plugin from POM com.github:Finance:jar:0.0.1-SNAPSHOT
[DEBUG] Lifecycle clean -> [pre-clean, clean, post-clean]
[DEBUG] Lifecycle default -> [validate, initialize, generate-sources, process-sources, generate-resources, process-resources, compile, process-classes, generate-test-sources, process-test-sources, generate-test-resources, process-test-resources, test-compile, process-test-classes, test, prepare-package, package, pre-integration-test, integration-test, post-integration-test, verify, install, deploy]
[DEBUG] Lifecycle site -> [pre-site, site, post-site, site-deploy]
[DEBUG] === PROJECT BUILD PLAN ================================================
[DEBUG] Project:       com.github:Finance:0.0.1-SNAPSHOT
[DEBUG] Dependencies (collect): []
[DEBUG] Dependencies (resolve): [test]
[DEBUG] Repositories (dependencies): [central (https://repo.maven.apache.org/maven2, default, releases)]
[DEBUG] Repositories (plugins)     : [central (https://repo.maven.apache.org/maven2, default, releases)]
[DEBUG] -----------------------------------------------------------------------
[DEBUG] Goal:          org.flywaydb:flyway-maven-plugin:10.20.1:clean (default-cli)
[DEBUG] Style:         Regular
[DEBUG] Configuration: <?xml version="1.0" encoding="UTF-8"?>
<configuration>
  <baselineDescription>${flyway.baselineDescription}</baselineDescription>
  <baselineOnMigrate>${flyway.baselineOnMigrate}</baselineOnMigrate>
  <baselineVersion>${flyway.baselineVersion}</baselineVersion>
  <batch>${flyway.batch}</batch>
  <cleanDisabled>${flyway.cleanDisabled}</cleanDisabled>
  <cleanOnValidationError>${flyway.cleanOnValidationError}</cleanOnValidationError>
  <configFileEncoding>${flyway.configFileEncoding}</configFileEncoding>
  <configFiles>${flyway.configFiles}</configFiles>
  <connectRetries>${flyway.connectRetries}</connectRetries>
  <connectRetriesInterval>${flyway.connectRetriesInterval}</connectRetriesInterval>
  <createSchemas>${flyway.createSchemas}</createSchemas>
  <driver>${flyway.driver}</driver>
  <dryRunOutput>${flyway.dryRunOutput}</dryRunOutput>
  <encoding>${flyway.encoding}</encoding>
  <failOnMissingLocations>${flyway.failOnMissingLocations}</failOnMissingLocations>
  <group>${flyway.group}</group>
  <initSql>${flyway.initSql}</initSql>
  <installedBy>${flyway.installedBy}</installedBy>
  <kerberosConfigFile>${flyway.kerberosConfigFile}</kerberosConfigFile>
  <lockRetryCount>${flyway.lockRetryCount}</lockRetryCount>
  <mavenProject default-value="${project}"/>
  <mixed>${flyway.mixed}</mixed>
  <outOfOrder>${flyway.outOfOrder}</outOfOrder>
  <outputQueryResults>${flyway.outputQueryResults}</outputQueryResults>
  <password>${flyway.password}</password>
  <placeholderPrefix>${flyway.placeholderPrefix}</placeholderPrefix>
  <placeholderReplacement>${flyway.placeholderReplacement}</placeholderReplacement>
  <placeholderSeparator>${flyway.placeholderSeparator}</placeholderSeparator>
  <placeholderSuffix>${flyway.placeholderSuffix}</placeholderSuffix>
  <repeatableSqlMigrationPrefix>${flyway.repeatableSqlMigrationPrefix}</repeatableSqlMigrationPrefix>
  <scriptPlaceholderPrefix>${flyway.scriptPlaceholderPrefix}</scriptPlaceholderPrefix>
  <scriptPlaceholderSuffix>${flyway.scriptPlaceholderSuffix}</scriptPlaceholderSuffix>
  <serverId>${flyway.serverId}</serverId>
  <settings default-value="${settings}"/>
  <skip>${flyway.skip}</skip>
  <skipDefaultCallbacks>${flyway.skipDefaultCallbacks}</skipDefaultCallbacks>
  <skipDefaultResolvers>${flyway.skipDefaultResolvers}</skipDefaultResolvers>
  <skipExecutingMigrations>${flyway.skipExecutingMigrations}</skipExecutingMigrations>
  <sqlMigrationPrefix>${flyway.sqlMigrationPrefix}</sqlMigrationPrefix>
  <sqlMigrationSeparator>${flyway.sqlMigrationSeparator}</sqlMigrationSeparator>
  <stream>${flyway.stream}</stream>
  <table>${flyway.table}</table>
  <tablespace>${flyway.tablespace}</tablespace>
  <target>${flyway.target}</target>
  <undoSqlMigrationPrefix>${flyway.undoSqlMigrationPrefix}</undoSqlMigrationPrefix>
  <url>${flyway.url}</url>
  <user>${flyway.user}</user>
  <validateMigrationNaming>${flyway.validateMigrationNaming}</validateMigrationNaming>
  <validateOnMigrate>${flyway.validateOnMigrate}</validateOnMigrate>
  <workingDirectory>${flyway.workingDirectory}</workingDirectory>
</configuration>
[DEBUG] =======================================================================
[DEBUG] Using mirror maven-default-http-blocker (http://0.0.0.0/) for vaadin-snapshots (http://oss.sonatype.org/content/repositories/vaadin-snapshots/).
[DEBUG] Using mirror maven-default-http-blocker (http://0.0.0.0/) for vaadin-releases (http://oss.sonatype.org/content/repositories/vaadin-releases/).
[DEBUG] Dependency collection stats {ConflictMarker.analyzeTime=788624, ConflictMarker.markTime=324856, ConflictMarker.nodeCount=265, ConflictIdSorter.graphTime=470762, ConflictIdSorter.topsortTime=240105, ConflictIdSorter.conflictIdCount=116, ConflictIdSorter.conflictIdCycleCount=0, ConflictResolver.totalTime=4865237, ConflictResolver.conflictItemCount=252, DfDependencyCollector.collectTime=127999667, DfDependencyCollector.transformTime=7433583}
[DEBUG] com.github:Finance:jar:0.0.1-SNAPSHOT
[DEBUG]    org.springframework.boot:spring-boot-starter-data-jdbc:jar:3.4.5:compile
[DEBUG]       org.springframework.boot:spring-boot-starter-jdbc:jar:3.4.5:compile (version managed from 3.4.5)
[DEBUG]          com.zaxxer:HikariCP:jar:5.1.0:compile (version managed from 5.1.0)
[DEBUG]          org.springframework:spring-jdbc:jar:6.2.6:compile (version managed from 6.2.6)
[DEBUG]       org.springframework.data:spring-data-jdbc:jar:3.4.5:compile (version managed from 3.4.5)
[DEBUG]          org.springframework.data:spring-data-relational:jar:3.4.5:compile (version managed from 3.4.5)
[DEBUG]          org.springframework.data:spring-data-commons:jar:3.4.5:compile (version managed from 3.4.5)
[DEBUG]          org.springframework:spring-tx:jar:6.2.6:compile (version managed from 6.2.6)
[DEBUG]          org.springframework:spring-context:jar:6.2.6:compile (version managed from 6.2.6)
[DEBUG]          org.springframework:spring-beans:jar:6.2.6:compile (version managed from 6.2.6)
[DEBUG]    org.springframework.boot:spring-boot-starter-data-jpa:jar:3.4.5:compile
[DEBUG]       org.springframework.boot:spring-boot-starter:jar:3.4.5:compile (version managed from 3.4.5)
[DEBUG]          org.springframework.boot:spring-boot-starter-logging:jar:3.4.5:compile (version managed from 3.4.5)
[DEBUG]             ch.qos.logback:logback-classic:jar:1.5.18:compile (version managed from 1.5.18)
[DEBUG]                ch.qos.logback:logback-core:jar:1.5.18:compile (version managed from 1.5.18)
[DEBUG]             org.apache.logging.log4j:log4j-to-slf4j:jar:2.24.3:compile (version managed from 2.24.3)
[DEBUG]                org.apache.logging.log4j:log4j-api:jar:2.24.3:compile (version managed from 2.24.3)
[DEBUG]             org.slf4j:jul-to-slf4j:jar:2.0.17:compile (version managed from 2.0.17)
[DEBUG]          jakarta.annotation:jakarta.annotation-api:jar:2.1.1:compile (version managed from 2.1.1)
[DEBUG]          org.yaml:snakeyaml:jar:2.3:compile (version managed from 2.3)
[DEBUG]       org.hibernate.orm:hibernate-core:jar:6.6.13.Final:compile (version managed from 6.6.13.Final)
[DEBUG]          jakarta.persistence:jakarta.persistence-api:jar:3.1.0:compile (version managed from 3.1.0)
[DEBUG]          jakarta.transaction:jakarta.transaction-api:jar:2.0.1:compile (version managed from 2.0.1)
[DEBUG]          org.jboss.logging:jboss-logging:jar:3.6.1.Final:runtime (version managed from 3.5.0.Final)
[DEBUG]          org.hibernate.common:hibernate-commons-annotations:jar:7.0.3.Final:runtime
[DEBUG]          io.smallrye:jandex:jar:3.2.0:runtime
[DEBUG]          com.fasterxml:classmate:jar:1.7.0:runtime (version managed from 1.5.1)
[DEBUG]          net.bytebuddy:byte-buddy:jar:1.15.11:runtime (version managed from 1.15.11)
[DEBUG]          org.glassfish.jaxb:jaxb-runtime:jar:4.0.5:runtime (version managed from 4.0.2)
[DEBUG]             org.glassfish.jaxb:jaxb-core:jar:4.0.5:runtime (version managed from 4.0.5)
[DEBUG]                org.glassfish.jaxb:txw2:jar:4.0.5:runtime (version managed from 4.0.5)
[DEBUG]                com.sun.istack:istack-commons-runtime:jar:4.1.2:runtime (version managed from 4.1.2)
[DEBUG]          jakarta.inject:jakarta.inject-api:jar:2.0.1:runtime (version managed from 2.0.1)
[DEBUG]          org.antlr:antlr4-runtime:jar:4.13.0:compile
[DEBUG]       org.springframework.data:spring-data-jpa:jar:3.4.5:compile (version managed from 3.4.5)
[DEBUG]          org.springframework:spring-orm:jar:6.2.6:compile (version managed from 6.2.6)
[DEBUG]       org.springframework:spring-aspects:jar:6.2.6:compile (version managed from 6.2.6)
[DEBUG]          org.aspectj:aspectjweaver:jar:1.9.24:compile (version managed from 1.9.22.1)
[DEBUG]    org.springframework.boot:spring-boot-starter-mail:jar:3.4.5:compile
[DEBUG]       org.springframework:spring-context-support:jar:6.2.6:compile (version managed from 6.2.6)
[DEBUG]       org.eclipse.angus:jakarta.mail:jar:2.0.3:compile (version managed from 2.0.3)
[DEBUG]          jakarta.activation:jakarta.activation-api:jar:2.1.3:compile (version managed from 2.1.3)
[DEBUG]          org.eclipse.angus:angus-activation:jar:2.0.2:runtime (version managed from 2.0.2)
[DEBUG]    org.springframework.boot:spring-boot-starter-security:jar:3.4.5:compile
[DEBUG]       org.springframework:spring-aop:jar:6.2.6:compile (version managed from 6.2.6)
[DEBUG]       org.springframework.security:spring-security-config:jar:6.4.5:compile (version managed from 6.4.5)
[DEBUG]       org.springframework.security:spring-security-web:jar:6.4.5:compile (version managed from 6.4.5)
[DEBUG]          org.springframework:spring-expression:jar:6.2.6:compile (version managed from 6.2.6)
[DEBUG]    org.springframework.boot:spring-boot-starter-web:jar:3.4.5:compile
[DEBUG]       org.springframework.boot:spring-boot-starter-json:jar:3.4.5:compile (version managed from 3.4.5)
[DEBUG]          com.fasterxml.jackson.core:jackson-databind:jar:2.18.3:compile (version managed from 2.18.3)
[DEBUG]          com.fasterxml.jackson.datatype:jackson-datatype-jdk8:jar:2.18.3:compile (version managed from 2.18.3)
[DEBUG]          com.fasterxml.jackson.module:jackson-module-parameter-names:jar:2.18.3:compile (version managed from 2.18.3)
[DEBUG]       org.springframework.boot:spring-boot-starter-tomcat:jar:3.4.5:compile (version managed from 3.4.5)
[DEBUG]          org.apache.tomcat.embed:tomcat-embed-core:jar:10.1.40:compile (version managed from 10.1.40)
[DEBUG]          org.apache.tomcat.embed:tomcat-embed-el:jar:10.1.40:compile (version managed from 10.1.40)
[DEBUG]          org.apache.tomcat.embed:tomcat-embed-websocket:jar:10.1.40:compile (version managed from 10.1.40)
[DEBUG]       org.springframework:spring-web:jar:6.2.6:compile (version managed from 6.2.6)
[DEBUG]          io.micrometer:micrometer-observation:jar:1.14.6:compile (version managed from 1.14.5)
[DEBUG]             io.micrometer:micrometer-commons:jar:1.14.6:compile (version managed from 1.14.6)
[DEBUG]       org.springframework:spring-webmvc:jar:6.2.6:compile (version managed from 6.2.6)
[DEBUG]    org.flywaydb:flyway-core:jar:10.20.1:compile
[DEBUG]       com.fasterxml.jackson.dataformat:jackson-dataformat-toml:jar:2.18.3:compile (version managed from 2.15.2)
[DEBUG]          com.fasterxml.jackson.core:jackson-core:jar:2.18.3:compile (version managed from 2.18.3)
[DEBUG]       com.fasterxml.jackson.datatype:jackson-datatype-jsr310:jar:2.18.3:compile (version managed from 2.15.2)
[DEBUG]          com.fasterxml.jackson.core:jackson-annotations:jar:2.18.3:compile (version managed from 2.18.3)
[DEBUG]    org.flywaydb:flyway-mysql:jar:10.20.1:compile
[DEBUG]    org.springframework.boot:spring-boot-devtools:jar:3.4.5:runtime (optional)
[DEBUG]       org.springframework.boot:spring-boot:jar:3.4.5:compile (version managed from 3.4.5)
[DEBUG]       org.springframework.boot:spring-boot-autoconfigure:jar:3.4.5:compile (version managed from 3.4.5)
[DEBUG]    com.mysql:mysql-connector-j:jar:9.1.0:runtime (exclusions managed from [com.google.protobuf:protobuf-java:*:*])
[DEBUG]    org.projectlombok:lombok:jar:1.18.38:compile (optional)
[DEBUG]    org.springframework.boot:spring-boot-starter-test:jar:3.4.5:test
[DEBUG]       org.springframework.boot:spring-boot-test:jar:3.4.5:test (version managed from 3.4.5)
[DEBUG]       org.springframework.boot:spring-boot-test-autoconfigure:jar:3.4.5:test (version managed from 3.4.5)
[DEBUG]       com.jayway.jsonpath:json-path:jar:2.9.0:test (version managed from 2.9.0)
[DEBUG]       jakarta.xml.bind:jakarta.xml.bind-api:jar:4.0.2:runtime (version managed from 4.0.2)
[DEBUG]       net.minidev:json-smart:jar:2.5.2:test (version managed from 2.5.2)
[DEBUG]          net.minidev:accessors-smart:jar:2.5.2:test
[DEBUG]             org.ow2.asm:asm:jar:9.7.1:test
[DEBUG]       org.assertj:assertj-core:jar:3.26.3:test (version managed from 3.26.3)
[DEBUG]       org.awaitility:awaitility:jar:4.2.2:test (version managed from 4.2.2)
[DEBUG]       org.hamcrest:hamcrest:jar:2.2:test (version managed from 2.2)
[DEBUG]       org.junit.jupiter:junit-jupiter:jar:5.11.4:test (version managed from 5.11.4)
[DEBUG]          org.junit.jupiter:junit-jupiter-api:jar:5.11.4:test (version managed from 5.11.4)
[DEBUG]             org.opentest4j:opentest4j:jar:1.3.0:test
[DEBUG]             org.junit.platform:junit-platform-commons:jar:1.11.4:test (version managed from 1.11.4)
[DEBUG]             org.apiguardian:apiguardian-api:jar:1.1.2:test
[DEBUG]          org.junit.jupiter:junit-jupiter-params:jar:5.11.4:test (version managed from 5.11.4)
[DEBUG]          org.junit.jupiter:junit-jupiter-engine:jar:5.11.4:test (version managed from 5.11.4)
[DEBUG]             org.junit.platform:junit-platform-engine:jar:1.11.4:test (version managed from 1.11.4)
[DEBUG]       org.mockito:mockito-core:jar:5.14.2:test (version managed from 5.14.2)
[DEBUG]          net.bytebuddy:byte-buddy-agent:jar:1.15.11:test (version managed from 1.15.4)
[DEBUG]          org.objenesis:objenesis:jar:3.3:test
[DEBUG]       org.mockito:mockito-junit-jupiter:jar:5.14.2:test (version managed from 5.14.2)
[DEBUG]       org.skyscreamer:jsonassert:jar:1.5.3:test (version managed from 1.5.3)
[DEBUG]          com.vaadin.external.google:android-json:jar:0.0.20131108.vaadin1:test
[DEBUG]       org.springframework:spring-core:jar:6.2.6:compile (version managed from 6.2.6)
[DEBUG]          org.springframework:spring-jcl:jar:6.2.6:compile (version managed from 6.2.6)
[DEBUG]       org.springframework:spring-test:jar:6.2.6:test (version managed from 6.2.6)
[DEBUG]       org.xmlunit:xmlunit-core:jar:2.10.0:test (version managed from 2.10.0)
[DEBUG]    org.springframework.security:spring-security-test:jar:6.4.5:test
[DEBUG]       org.springframework.security:spring-security-core:jar:6.4.5:compile (version managed from 6.4.5)
[DEBUG]          org.springframework.security:spring-security-crypto:jar:6.4.5:compile (version managed from 6.4.5)
[DEBUG]    org.springframework.boot:spring-boot-starter-thymeleaf:jar:3.4.5:compile
[DEBUG]       org.thymeleaf:thymeleaf-spring6:jar:3.1.3.RELEASE:compile (version managed from 3.1.3.RELEASE)
[DEBUG]    nz.net.ultraq.thymeleaf:thymeleaf-layout-dialect:jar:3.3.0:compile
[DEBUG]       org.apache.groovy:groovy:jar:4.0.26:compile (version managed from 4.0.14)
[DEBUG]       nz.net.ultraq.groovy:groovy-extensions:jar:2.1.0:runtime
[DEBUG]       nz.net.ultraq.thymeleaf:thymeleaf-expression-processor:jar:3.2.0:runtime
[DEBUG]       org.thymeleaf:thymeleaf:jar:3.1.3.RELEASE:compile (version managed from 3.1.2.RELEASE)
[DEBUG]          ognl:ognl:jar:3.3.4:compile
[DEBUG]             org.javassist:javassist:jar:3.29.0-GA:compile
[DEBUG]          org.attoparser:attoparser:jar:2.0.7.RELEASE:compile
[DEBUG]          org.unbescape:unbescape:jar:1.1.6.RELEASE:compile
[DEBUG]       org.slf4j:slf4j-api:jar:2.0.17:compile (version managed from 2.0.9)
[INFO] 
[INFO] --- flyway:10.20.1:clean (default-cli) @ Finance ---
[DEBUG] Dependency collection stats {ConflictMarker.analyzeTime=115448, ConflictMarker.markTime=22022, ConflictMarker.nodeCount=14, ConflictIdSorter.graphTime=85072, ConflictIdSorter.topsortTime=13375, ConflictIdSorter.conflictIdCount=9, ConflictIdSorter.conflictIdCycleCount=0, ConflictResolver.totalTime=193867, ConflictResolver.conflictItemCount=14, DfDependencyCollector.collectTime=20145715, DfDependencyCollector.transformTime=451155}
[DEBUG] org.flywaydb:flyway-maven-plugin:jar:10.20.1
[DEBUG]    org.flywaydb:flyway-core:jar:10.20.1:compile
[DEBUG]       com.fasterxml.jackson.datatype:jackson-datatype-jsr310:jar:2.15.2:compile (version managed from default)
[DEBUG]          com.fasterxml.jackson.core:jackson-annotations:jar:2.15.2:compile (version managed from default)
[DEBUG]    com.fasterxml.jackson.dataformat:jackson-dataformat-toml:jar:2.15.2:compile
[DEBUG]       com.fasterxml.jackson.core:jackson-databind:jar:2.15.2:compile (version managed from default)
[DEBUG]       com.fasterxml.jackson.core:jackson-core:jar:2.15.2:compile (version managed from default)
[DEBUG]    org.apache.commons:commons-text:jar:1.10.0:compile
[DEBUG]       org.apache.commons:commons-lang3:jar:3.12.0:compile
[DEBUG] Created new class realm plugin>org.flywaydb:flyway-maven-plugin:10.20.1
[DEBUG] Importing foreign packages into class realm plugin>org.flywaydb:flyway-maven-plugin:10.20.1
[DEBUG]   Imported:  < maven.api
[DEBUG] Populating class realm plugin>org.flywaydb:flyway-maven-plugin:10.20.1
[DEBUG]   Included: org.flywaydb:flyway-maven-plugin:jar:10.20.1
[DEBUG]   Included: org.flywaydb:flyway-core:jar:10.20.1
[DEBUG]   Included: com.fasterxml.jackson.datatype:jackson-datatype-jsr310:jar:2.15.2
[DEBUG]   Included: com.fasterxml.jackson.core:jackson-annotations:jar:2.15.2
[DEBUG]   Included: com.fasterxml.jackson.dataformat:jackson-dataformat-toml:jar:2.15.2
[DEBUG]   Included: com.fasterxml.jackson.core:jackson-databind:jar:2.15.2
[DEBUG]   Included: com.fasterxml.jackson.core:jackson-core:jar:2.15.2
[DEBUG]   Included: org.apache.commons:commons-text:jar:1.10.0
[DEBUG]   Included: org.apache.commons:commons-lang3:jar:3.12.0
[DEBUG] Loading mojo org.flywaydb:flyway-maven-plugin:10.20.1:clean from plugin realm ClassRealm[plugin>org.flywaydb:flyway-maven-plugin:10.20.1, parent: jdk.internal.loader.ClassLoaders$AppClassLoader@30946e09]
[DEBUG] Configuring mojo execution 'org.flywaydb:flyway-maven-plugin:10.20.1:clean:default-cli' with basic configurator -->
[DEBUG]   (f) configFiles = []
[DEBUG]   (f) mavenProject = MavenProject: com.github:Finance:0.0.1-SNAPSHOT @ /home/starc/Desktop/Projects/MyFinancesApp/web/Finance/pom.xml
[DEBUG]   (f) settings = org.apache.maven.execution.SettingsAdapter@1a4d1ab7
[DEBUG] -- end configuration --
[DEBUG] Scanning for filesystem resources at '/home/starc/Desktop/Projects/MyFinancesApp/web/Finance/src/main/resources/db/migration'
[DEBUG] Scanning for resources in path: /home/starc/Desktop/Projects/MyFinancesApp/web/Finance/src/main/resources/db/migration (/home/starc/Desktop/Projects/MyFinancesApp/web/Finance/src/main/resources/db/migration)
[DEBUG] Found filesystem resource: /home/starc/Desktop/Projects/MyFinancesApp/web/Finance/src/main/resources/db/migration/V10__create-cards-table.sql
[DEBUG] Found filesystem resource: /home/starc/Desktop/Projects/MyFinancesApp/web/Finance/src/main/resources/db/migration/V11__create-monthly-subscription-card-info.sql
[DEBUG] Found filesystem resource: /home/starc/Desktop/Projects/MyFinancesApp/web/Finance/src/main/resources/db/migration/V12__create-expenses-table.sql
[DEBUG] Found filesystem resource: /home/starc/Desktop/Projects/MyFinancesApp/web/Finance/src/main/resources/db/migration/V13__create-card-expenses-table.sql
[DEBUG] Found filesystem resource: /home/starc/Desktop/Projects/MyFinancesApp/web/Finance/src/main/resources/db/migration/V14__create-countries-table.sql
[DEBUG] Found filesystem resource: /home/starc/Desktop/Projects/MyFinancesApp/web/Finance/src/main/resources/db/migration/V15__create-banks-table.sql
[DEBUG] Found filesystem resource: /home/starc/Desktop/Projects/MyFinancesApp/web/Finance/src/main/resources/db/migration/V16__create-bank-accounts.sql
[DEBUG] Found filesystem resource: /home/starc/Desktop/Projects/MyFinancesApp/web/Finance/src/main/resources/db/migration/V17__create-pix-expense.sql
[DEBUG] Found filesystem resource: /home/starc/Desktop/Projects/MyFinancesApp/web/Finance/src/main/resources/db/migration/V18__create-cash-expense-table.sql
[DEBUG] Found filesystem resource: /home/starc/Desktop/Projects/MyFinancesApp/web/Finance/src/main/resources/db/migration/V19__create-table-incomes.sql
[DEBUG] Found filesystem resource: /home/starc/Desktop/Projects/MyFinancesApp/web/Finance/src/main/resources/db/migration/V1__create-ref-table-user-status.sql
[DEBUG] Found filesystem resource: /home/starc/Desktop/Projects/MyFinancesApp/web/Finance/src/main/resources/db/migration/V20__create-cash-incomes-table.sql
[DEBUG] Found filesystem resource: /home/starc/Desktop/Projects/MyFinancesApp/web/Finance/src/main/resources/db/migration/V21__create-pix-incomes-table.sql
[DEBUG] Found filesystem resource: /home/starc/Desktop/Projects/MyFinancesApp/web/Finance/src/main/resources/db/migration/V22__seed-roles-table.sql
[DEBUG] Found filesystem resource: /home/starc/Desktop/Projects/MyFinancesApp/web/Finance/src/main/resources/db/migration/V23__add-users-id-table-to-expenses.sql
[DEBUG] Found filesystem resource: /home/starc/Desktop/Projects/MyFinancesApp/web/Finance/src/main/resources/db/migration/V24__add-fk-ref-user-id-to-expenses.sql
[DEBUG] Found filesystem resource: /home/starc/Desktop/Projects/MyFinancesApp/web/Finance/src/main/resources/db/migration/V25__seed-payments-method-table.sql
[DEBUG] Found filesystem resource: /home/starc/Desktop/Projects/MyFinancesApp/web/Finance/src/main/resources/db/migration/V2__create-roles-table.sql
[DEBUG] Found filesystem resource: /home/starc/Desktop/Projects/MyFinancesApp/web/Finance/src/main/resources/db/migration/V3__create-users-table.sql
[DEBUG] Found filesystem resource: /home/starc/Desktop/Projects/MyFinancesApp/web/Finance/src/main/resources/db/migration/V4__create-ref-table-currencies.sql
[DEBUG] Found filesystem resource: /home/starc/Desktop/Projects/MyFinancesApp/web/Finance/src/main/resources/db/migration/V5__seed-currencies-table.sql
[DEBUG] Found filesystem resource: /home/starc/Desktop/Projects/MyFinancesApp/web/Finance/src/main/resources/db/migration/V6__create-subscription-status-table.sql
[DEBUG] Found filesystem resource: /home/starc/Desktop/Projects/MyFinancesApp/web/Finance/src/main/resources/db/migration/V7__create-subscriptions-type.sql
[DEBUG] Found filesystem resource: /home/starc/Desktop/Projects/MyFinancesApp/web/Finance/src/main/resources/db/migration/V8__create-payment-methods-table.sql
[DEBUG] Found filesystem resource: /home/starc/Desktop/Projects/MyFinancesApp/web/Finance/src/main/resources/db/migration/V9__create-monthly-subscriptions-table.sql
[DEBUG] Unable to load config file: /home/starc/flyway.conf
[DEBUG] Unable to load config file: /home/starc/Desktop/Projects/MyFinancesApp/web/Finance/flyway.conf
[DEBUG] Scanning for classpath resources at 'classpath:db/callback' ...
[DEBUG] Determining location urls for classpath:db/callback using ClassLoader ClassRealm[plugin>org.flywaydb:flyway-maven-plugin:10.20.1, parent: jdk.internal.loader.ClassLoaders$AppClassLoader@30946e09] ...
[DEBUG] Unable to resolve location classpath:db/callback.
[DEBUG] Validating V10__create-cards-table.sql
[DEBUG] Validating V11__create-monthly-subscription-card-info.sql
[DEBUG] Validating V12__create-expenses-table.sql
[DEBUG] Validating V13__create-card-expenses-table.sql
[DEBUG] Validating V14__create-countries-table.sql
[DEBUG] Validating V15__create-banks-table.sql
[DEBUG] Validating V16__create-bank-accounts.sql
[DEBUG] Validating V17__create-pix-expense.sql
[DEBUG] Validating V18__create-cash-expense-table.sql
[DEBUG] Validating V19__create-table-incomes.sql
[DEBUG] Validating V1__create-ref-table-user-status.sql
[DEBUG] Validating V20__create-cash-incomes-table.sql
[DEBUG] Validating V21__create-pix-incomes-table.sql
[DEBUG] Validating V22__seed-roles-table.sql
[DEBUG] Validating V23__add-users-id-table-to-expenses.sql
[DEBUG] Validating V24__add-fk-ref-user-id-to-expenses.sql
[DEBUG] Validating V25__seed-payments-method-table.sql
[DEBUG] Validating V2__create-roles-table.sql
[DEBUG] Validating V3__create-users-table.sql
[DEBUG] Validating V4__create-ref-table-currencies.sql
[DEBUG] Validating V5__seed-currencies-table.sql
[DEBUG] Validating V6__create-subscription-status-table.sql
[DEBUG] Validating V7__create-subscriptions-type.sql
[DEBUG] Validating V8__create-payment-methods-table.sql
[DEBUG] Validating V9__create-monthly-subscriptions-table.sql
[INFO] Database: jdbc:mysql://localhost:3306/hotel_reservation (MySQL 5.5)
[DEBUG] Database Type: MariaDB
[DEBUG] Driver: MySQL Connector/J mysql-connector-j-9.1.0 (Revision: cf2917ea44ae2e43a4514a33771035aa99de73bf)
[DEBUG] DDL Transactions Supported: false
[DEBUG] Schemas: 
[DEBUG] Default schema: null
[DEBUG] Scanning for script callbacks ...
[DEBUG] Scanning for SQL callbacks ...
[DEBUG] Memory usage: 59 of 120M
[INFO] ------------------------------------------------------------------------
[INFO] BUILD FAILURE
[INFO] ------------------------------------------------------------------------
[INFO] Total time:  0.678 s
[INFO] Finished at: 2025-05-22T10:33:27-03:00
[INFO] ------------------------------------------------------------------------
[ERROR] Failed to execute goal org.flywaydb:flyway-maven-plugin:10.20.1:clean (default-cli) on project Finance: org.flywaydb.core.api.FlywayException: Unable to execute clean as it has been disabled with the 'flyway.cleanDisabled' property. -> [Help 1]
org.apache.maven.lifecycle.LifecycleExecutionException: Failed to execute goal org.flywaydb:flyway-maven-plugin:10.20.1:clean (default-cli) on project Finance: org.flywaydb.core.api.FlywayException: Unable to execute clean as it has been disabled with the 'flyway.cleanDisabled' property.
    at org.apache.maven.lifecycle.internal.MojoExecutor.doExecute2 (MojoExecutor.java:333)
    at org.apache.maven.lifecycle.internal.MojoExecutor.doExecute (MojoExecutor.java:316)
    at org.apache.maven.lifecycle.internal.MojoExecutor.execute (MojoExecutor.java:212)
    at org.apache.maven.lifecycle.internal.MojoExecutor.execute (MojoExecutor.java:174)
    at org.apache.maven.lifecycle.internal.MojoExecutor.access$000 (MojoExecutor.java:75)
    at org.apache.maven.lifecycle.internal.MojoExecutor$1.run (MojoExecutor.java:162)
    at org.apache.maven.plugin.DefaultMojosExecutionStrategy.execute (DefaultMojosExecutionStrategy.java:39)
    at org.apache.maven.lifecycle.internal.MojoExecutor.execute (MojoExecutor.java:159)
    at org.apache.maven.lifecycle.internal.LifecycleModuleBuilder.buildProject (LifecycleModuleBuilder.java:105)
    at org.apache.maven.lifecycle.internal.LifecycleModuleBuilder.buildProject (LifecycleModuleBuilder.java:73)
    at org.apache.maven.lifecycle.internal.builder.singlethreaded.SingleThreadedBuilder.build (SingleThreadedBuilder.java:53)
    at org.apache.maven.lifecycle.internal.LifecycleStarter.execute (LifecycleStarter.java:118)
    at org.apache.maven.DefaultMaven.doExecute (DefaultMaven.java:261)
    at org.apache.maven.DefaultMaven.doExecute (DefaultMaven.java:173)
    at org.apache.maven.DefaultMaven.execute (DefaultMaven.java:101)
    at org.apache.maven.cli.MavenCli.execute (MavenCli.java:906)
    at org.apache.maven.cli.MavenCli.doMain (MavenCli.java:283)
    at org.apache.maven.cli.MavenCli.main (MavenCli.java:206)
    at jdk.internal.reflect.NativeMethodAccessorImpl.invoke0 (Native Method)
    at jdk.internal.reflect.NativeMethodAccessorImpl.invoke (NativeMethodAccessorImpl.java:77)
    at jdk.internal.reflect.DelegatingMethodAccessorImpl.invoke (DelegatingMethodAccessorImpl.java:43)
    at java.lang.reflect.Method.invoke (Method.java:569)
    at org.codehaus.plexus.classworlds.launcher.Launcher.launchEnhanced (Launcher.java:255)
    at org.codehaus.plexus.classworlds.launcher.Launcher.launch (Launcher.java:201)
    at org.codehaus.plexus.classworlds.launcher.Launcher.mainWithExitCode (Launcher.java:361)
    at org.codehaus.plexus.classworlds.launcher.Launcher.main (Launcher.java:314)
Caused by: org.apache.maven.plugin.MojoExecutionException: org.flywaydb.core.api.FlywayException: Unable to execute clean as it has been disabled with the 'flyway.cleanDisabled' property.
    at org.flywaydb.maven.AbstractFlywayMojo.execute (AbstractFlywayMojo.java:838)
    at org.apache.maven.plugin.DefaultBuildPluginManager.executeMojo (DefaultBuildPluginManager.java:126)
    at org.apache.maven.lifecycle.internal.MojoExecutor.doExecute2 (MojoExecutor.java:328)
    at org.apache.maven.lifecycle.internal.MojoExecutor.doExecute (MojoExecutor.java:316)
    at org.apache.maven.lifecycle.internal.MojoExecutor.execute (MojoExecutor.java:212)
    at org.apache.maven.lifecycle.internal.MojoExecutor.execute (MojoExecutor.java:174)
    at org.apache.maven.lifecycle.internal.MojoExecutor.access$000 (MojoExecutor.java:75)
    at org.apache.maven.lifecycle.internal.MojoExecutor$1.run (MojoExecutor.java:162)
    at org.apache.maven.plugin.DefaultMojosExecutionStrategy.execute (DefaultMojosExecutionStrategy.java:39)
    at org.apache.maven.lifecycle.internal.MojoExecutor.execute (MojoExecutor.java:159)
    at org.apache.maven.lifecycle.internal.LifecycleModuleBuilder.buildProject (LifecycleModuleBuilder.java:105)
    at org.apache.maven.lifecycle.internal.LifecycleModuleBuilder.buildProject (LifecycleModuleBuilder.java:73)
    at org.apache.maven.lifecycle.internal.builder.singlethreaded.SingleThreadedBuilder.build (SingleThreadedBuilder.java:53)
    at org.apache.maven.lifecycle.internal.LifecycleStarter.execute (LifecycleStarter.java:118)
    at org.apache.maven.DefaultMaven.doExecute (DefaultMaven.java:261)
    at org.apache.maven.DefaultMaven.doExecute (DefaultMaven.java:173)
    at org.apache.maven.DefaultMaven.execute (DefaultMaven.java:101)
    at org.apache.maven.cli.MavenCli.execute (MavenCli.java:906)
    at org.apache.maven.cli.MavenCli.doMain (MavenCli.java:283)
    at org.apache.maven.cli.MavenCli.main (MavenCli.java:206)
    at jdk.internal.reflect.NativeMethodAccessorImpl.invoke0 (Native Method)
    at jdk.internal.reflect.NativeMethodAccessorImpl.invoke (NativeMethodAccessorImpl.java:77)
    at jdk.internal.reflect.DelegatingMethodAccessorImpl.invoke (DelegatingMethodAccessorImpl.java:43)
    at java.lang.reflect.Method.invoke (Method.java:569)
    at org.codehaus.plexus.classworlds.launcher.Launcher.launchEnhanced (Launcher.java:255)
    at org.codehaus.plexus.classworlds.launcher.Launcher.launch (Launcher.java:201)
    at org.codehaus.plexus.classworlds.launcher.Launcher.mainWithExitCode (Launcher.java:361)
    at org.codehaus.plexus.classworlds.launcher.Launcher.main (Launcher.java:314)
Caused by: org.flywaydb.core.api.FlywayException: Unable to execute clean as it has been disabled with the 'flyway.cleanDisabled' property.
    at org.flywaydb.core.internal.command.clean.DbClean.clean (DbClean.java:62)
    at org.flywaydb.core.Flyway.doClean (Flyway.java:488)
    at org.flywaydb.core.Flyway.lambda$clean$5 (Flyway.java:294)
    at org.flywaydb.core.FlywayExecutor.execute (FlywayExecutor.java:213)
    at org.flywaydb.core.Flyway.clean (Flyway.java:293)
    at org.flywaydb.maven.CleanMojo.doExecute (CleanMojo.java:39)
    at org.flywaydb.maven.AbstractFlywayMojo.execute (AbstractFlywayMojo.java:836)
    at org.apache.maven.plugin.DefaultBuildPluginManager.executeMojo (DefaultBuildPluginManager.java:126)
    at org.apache.maven.lifecycle.internal.MojoExecutor.doExecute2 (MojoExecutor.java:328)
    at org.apache.maven.lifecycle.internal.MojoExecutor.doExecute (MojoExecutor.java:316)
    at org.apache.maven.lifecycle.internal.MojoExecutor.execute (MojoExecutor.java:212)
    at org.apache.maven.lifecycle.internal.MojoExecutor.execute (MojoExecutor.java:174)
    at org.apache.maven.lifecycle.internal.MojoExecutor.access$000 (MojoExecutor.java:75)
    at org.apache.maven.lifecycle.internal.MojoExecutor$1.run (MojoExecutor.java:162)
    at org.apache.maven.plugin.DefaultMojosExecutionStrategy.execute (DefaultMojosExecutionStrategy.java:39)
    at org.apache.maven.lifecycle.internal.MojoExecutor.execute (MojoExecutor.java:159)
    at org.apache.maven.lifecycle.internal.LifecycleModuleBuilder.buildProject (LifecycleModuleBuilder.java:105)
    at org.apache.maven.lifecycle.internal.LifecycleModuleBuilder.buildProject (LifecycleModuleBuilder.java:73)
    at org.apache.maven.lifecycle.internal.builder.singlethreaded.SingleThreadedBuilder.build (SingleThreadedBuilder.java:53)
    at org.apache.maven.lifecycle.internal.LifecycleStarter.execute (LifecycleStarter.java:118)
    at org.apache.maven.DefaultMaven.doExecute (DefaultMaven.java:261)
    at org.apache.maven.DefaultMaven.doExecute (DefaultMaven.java:173)
    at org.apache.maven.DefaultMaven.execute (DefaultMaven.java:101)
    at org.apache.maven.cli.MavenCli.execute (MavenCli.java:906)
    at org.apache.maven.cli.MavenCli.doMain (MavenCli.java:283)
    at org.apache.maven.cli.MavenCli.main (MavenCli.java:206)
    at jdk.internal.reflect.NativeMethodAccessorImpl.invoke0 (Native Method)
    at jdk.internal.reflect.NativeMethodAccessorImpl.invoke (NativeMethodAccessorImpl.java:77)
    at jdk.internal.reflect.DelegatingMethodAccessorImpl.invoke (DelegatingMethodAccessorImpl.java:43)
    at java.lang.reflect.Method.invoke (Method.java:569)
    at org.codehaus.plexus.classworlds.launcher.Launcher.launchEnhanced (Launcher.java:255)
    at org.codehaus.plexus.classworlds.launcher.Launcher.launch (Launcher.java:201)
    at org.codehaus.plexus.classworlds.launcher.Launcher.mainWithExitCode (Launcher.java:361)
    at org.codehaus.plexus.classworlds.launcher.Launcher.main (Launcher.java:314)
[ERROR] 
[ERROR] 
[ERROR] For more information about the errors and possible solutions, please read the following articles:
[ERROR] [Help 1] http://cwiki.apache.org/confluence/display/MAVEN/MojoExecutionException
[DEBUG] Shutting down adapter factory; available factories [file-lock, rwlock-local, semaphore-local, noop]; available name mappers [discriminating, file-gav, file-hgav, file-static, gav, static]
[DEBUG] Shutting down 'file-lock' factory
[DEBUG] Shutting down 'rwlock-local' factory
[DEBUG] Shutting down 'semaphore-local' factory
[DEBUG] Shutting down 'noop' factory
